[  0%] Built target geometry_msgs_generate_messages_cpp
[  0%] Built target std_msgs_generate_messages_py
[  0%] Built target std_msgs_generate_messages_lisp
[  0%] Built target std_msgs_generate_messages_cpp
[  0%] Built target geometry_msgs_generate_messages_lisp
[  0%] Built target std_msgs_generate_messages_eus
[  0%] Built target std_msgs_generate_messages_nodejs
[  0%] Built target geometry_msgs_generate_messages_nodejs
[  0%] Built target geometry_msgs_generate_messages_py
[  0%] Built target geometry_msgs_generate_messages_eus
[  0%] Built target _3d_object_detection_msgs_generate_messages_check_deps_DetectedObject3DArray
[  0%] Built target _3d_object_detection_msgs_generate_messages_check_deps_OrientedBox
[  0%] Built target _3d_object_detection_msgs_generate_messages_check_deps_DetectedObject3D
[  5%] [34m[1mGenerating Lisp code from 3d_object_detection_msgs/DetectedObject3D.msg[0m
[ 11%] [34m[1mGenerating C++ code from 3d_object_detection_msgs/OrientedBox.msg[0m
[ 23%] [34m[1mGenerating Lisp code from 3d_object_detection_msgs/OrientedBox.msg[0m
[ 23%] [34m[1mGenerating Lisp code from 3d_object_detection_msgs/DetectedObject3DArray.msg[0m
[ 29%] [34m[1mGenerating EusLisp code from 3d_object_detection_msgs/DetectedObject3D.msg[0m
[ 35%] [34m[1mGenerating EusLisp code from 3d_object_detection_msgs/DetectedObject3DArray.msg[0m
[ 41%] [34m[1mGenerating EusLisp code from 3d_object_detection_msgs/OrientedBox.msg[0m
[ 47%] [34m[1mGenerating C++ code from 3d_object_detection_msgs/DetectedObject3DArray.msg[0m
[ 52%] [34m[1mGenerating C++ code from 3d_object_detection_msgs/DetectedObject3D.msg[0m
[ 58%] [34m[1mGenerating EusLisp manifest code for 3d_object_detection_msgs[0m
[ 64%] [34m[1mGenerating Python from MSG 3d_object_detection_msgs/DetectedObject3D[0m
[ 70%] [34m[1mGenerating Javascript code from 3d_object_detection_msgs/DetectedObject3D.msg[0m
[ 76%] [34m[1mGenerating Javascript code from 3d_object_detection_msgs/DetectedObject3DArray.msg[0m
[ 88%] [34m[1mGenerating Python from MSG 3d_object_detection_msgs/OrientedBox[0m
[ 88%] [34m[1mGenerating Python from MSG 3d_object_detection_msgs/DetectedObject3DArray[0m
[ 88%] Built target 3d_object_detection_msgs_generate_messages_lisp
[ 94%] [34m[1mGenerating Javascript code from 3d_object_detection_msgs/OrientedBox.msg[0m
WARNING: Package name "3d_object_detection_msgs" does not follow the naming conventions. It should start with a lower case letter and only contain lower case letters, digits, underscores, and dashes.
WARNING: Package name "3d_object_detection_msgs" does not follow the naming conventions. It should start with a lower case letter and only contain lower case letters, digits, underscores, and dashes.
[ 94%] Built target 3d_object_detection_msgs_generate_messages_nodejs
ERROR: ERROR: ERROR:    
ERROR: package name '3d_object_detection_msgs' is illegal and cannot be used in message generation.
Please see http://ros.org/wiki/Names

ERROR: package name '3d_object_detection_msgs' is illegal and cannot be used in message generation.
Please see http://ros.org/wiki/Names
ERROR: package name '3d_object_detection_msgs' is illegal and cannot be used in message generation.
Please see http://ros.org/wiki/Names

CMakeFiles/3d_object_detection_msgs_generate_messages_py.dir/build.make:91: recipe for target '/3D-object-detection/opencd_ros/devel/.private/3d_object_detection_msgs/lib/python2.7/dist-packages/3d_object_detection_msgs/msg/_DetectedObject3DArray.py' failed
CMakeFiles/3d_object_detection_msgs_generate_messages_py.dir/build.make:99: recipe for target '/3D-object-detection/opencd_ros/devel/.private/3d_object_detection_msgs/lib/python2.7/dist-packages/3d_object_detection_msgs/msg/_OrientedBox.py' failed
CMakeFiles/3d_object_detection_msgs_generate_messages_py.dir/build.make:80: recipe for target '/3D-object-detection/opencd_ros/devel/.private/3d_object_detection_msgs/lib/python2.7/dist-packages/3d_object_detection_msgs/msg/_DetectedObject3D.py' failed
make[2]: *** [/3D-object-detection/opencd_ros/devel/.private/3d_object_detection_msgs/lib/python2.7/dist-packages/3d_object_detection_msgs/msg/_DetectedObject3DArray.py] Error 2
make[2]: *** Waiting for unfinished jobs....
make[2]: *** [/3D-object-detection/opencd_ros/devel/.private/3d_object_detection_msgs/lib/python2.7/dist-packages/3d_object_detection_msgs/msg/_OrientedBox.py] Error 2
make[2]: *** [/3D-object-detection/opencd_ros/devel/.private/3d_object_detection_msgs/lib/python2.7/dist-packages/3d_object_detection_msgs/msg/_DetectedObject3D.py] Error 2
CMakeFiles/Makefile2:302: recipe for target 'CMakeFiles/3d_object_detection_msgs_generate_messages_py.dir/all' failed
make[1]: *** [CMakeFiles/3d_object_detection_msgs_generate_messages_py.dir/all] Error 2
make[1]: *** Waiting for unfinished jobs....
[ 94%] Built target 3d_object_detection_msgs_generate_messages_cpp
WARNING: Package name "3d_object_detection_msgs" does not follow the naming conventions. It should start with a lower case letter and only contain lower case letters, digits, underscores, and dashes.
WARNING: Package name "3d_object_detection_msgs" does not follow the naming conventions. It should start with a lower case letter and only contain lower case letters, digits, underscores, and dashes.
WARNING: Package name "3d_object_detection_msgs" does not follow the naming conventions. It should start with a lower case letter and only contain lower case letters, digits, underscores, and dashes.
[ 94%] Built target 3d_object_detection_msgs_generate_messages_eus
Makefile:145: recipe for target 'all' failed
make: *** [all] Error 2
